<?xml version="1.0" encoding="UTF-8"?>
<testng-results ignored="0" total="1" passed="1" failed="0" skipped="0">
  <reporter-output>
  </reporter-output>
  <suite started-at="2022-11-26T12:17:02 EET" name="Default suite" finished-at="2022-11-26T12:17:11 EET" duration-ms="9769">
    <groups>
    </groups>
    <test started-at="2022-11-26T12:17:02 EET" name="Default test" finished-at="2022-11-26T12:17:11 EET" duration-ms="9769">
      <class name="productApp.tc.TC_HomePage">
        <test-method is-config="true" signature="SetUP()[pri:0, instance:productApp.tc.TC_HomePage@35e2d654]" started-at="2022-11-26T12:17:02 EET" name="SetUP" finished-at="2022-11-26T12:17:02 EET" duration-ms="14" status="PASS">
          <reporter-output>
          </reporter-output>
        </test-method> <!-- SetUP -->
        <test-method signature="t_01_validate_form()[pri:0, instance:productApp.tc.TC_HomePage@35e2d654]" started-at="2022-11-26T12:17:02 EET" name="t_01_validate_form" finished-at="2022-11-26T12:17:11 EET" duration-ms="9643" status="PASS">
          <reporter-output>
          </reporter-output>
        </test-method> <!-- t_01_validate_form -->
      </class> <!-- productApp.tc.TC_HomePage -->
    </test> <!-- Default test -->
  </suite> <!-- Default suite -->
</testng-results>
